
Showing logs for build [32mcb-kubecd-environment-pr-240-13-pgvlh-1[0m stage [32mfrom-build-pack[0m and container [32mstep-credential-initializer-jrlt4[0m
{"level":"info","ts":1592818031.8302922,"logger":"fallback-logger","caller":"logging/config.go:69","msg":"Fetch GitHub commit ID from kodata failed: open /var/run/ko/refs/heads/0.8.0-ns-support: no such file or directory"}
{"level":"info","ts":1592818031.8311174,"logger":"fallback-logger","caller":"creds-init/main.go:40","msg":"Credentials initialized."}

Showing logs for build [32mcb-kubecd-environment-pr-240-13-pgvlh-1[0m stage [32mfrom-build-pack[0m and container [32mstep-working-dir-initializer-747l5[0m
{"level":"info","ts":1592818033.2003977,"logger":"fallback-logger","caller":"logging/config.go:69","msg":"Fetch GitHub commit ID from kodata failed: open /var/run/ko/HEAD: no such file or directory"}
{"level":"info","ts":1592818033.2020237,"logger":"fallback-logger","caller":"bash/main.go:64","msg":"Successfully executed command \"sh -c mkdir -p /workspace/source\"; output "}

Showing logs for build [32mcb-kubecd-environment-pr-240-13-pgvlh-1[0m stage [32mfrom-build-pack[0m and container [32mstep-place-tools[0m

Showing logs for build [32mcb-kubecd-environment-pr-240-13-pgvlh-1[0m stage [32mfrom-build-pack[0m and container [32mstep-git-source-cb-kubecd-environment-pr-240-13-pgvlh-z6sjt[0m
{"level":"info","ts":1592818038.3162682,"logger":"fallback-logger","caller":"logging/config.go:69","msg":"Fetch GitHub commit ID from kodata failed: open /var/run/ko/refs/heads/0.8.0-ns-support: no such file or directory"}
{"level":"info","ts":1592818039.3539867,"logger":"fallback-logger","caller":"git/git.go:103","msg":"Successfully cloned https://github.com/cb-kubecd/environment-pr-240-13-boot-gke-staging.git @ master in path /workspace/source"}

Showing logs for build [32mcb-kubecd-environment-pr-240-13-pgvlh-1[0m stage [32mfrom-build-pack[0m and container [32mstep-git-merge[0m
Using SHAs from PULL_REFS=master:0c4a58fff094d7d31ba7722dbf1cd4a0fb8a4fff,3:dd34b18e66f434c7152bd4afd45c0883a8a71483
DEBUG: LC_ALL=C JX_LOG_LEVEL=error git fetch origin --unshallow dd34b18e66f434c7152bd4afd45c0883a8a71483: 0c4a58fff094d7d31ba7722dbf1cd4a0fb8a4fff:
DEBUG: ran git fetch --unshallow origin dd34b18e66f434c7152bd4afd45c0883a8a71483: 0c4a58fff094d7d31ba7722dbf1cd4a0fb8a4fff: in 
DEBUG: LC_ALL=C JX_LOG_LEVEL=error git branch
DEBUG: JX_LOG_LEVEL=error LC_ALL=C git checkout master
DEBUG: ran git checkout master in 
DEBUG: LC_ALL=C JX_LOG_LEVEL=error git reset --hard 0c4a58fff094d7d31ba7722dbf1cd4a0fb8a4fff
DEBUG: ran git reset --hard 0c4a58fff094d7d31ba7722dbf1cd4a0fb8a4fff in 
DEBUG: LC_ALL=C JX_LOG_LEVEL=error git clean -fd .
DEBUG: ran clean --force -d . in 
DEBUG: JX_LOG_LEVEL=error LC_ALL=C git merge dd34b18e66f434c7152bd4afd45c0883a8a71483
DEBUG: ran git merge dd34b18e66f434c7152bd4afd45c0883a8a71483 in 
DEBUG: LC_ALL=C JX_LOG_LEVEL=error git log --format=%H%x1f%an%x1f%ae%x1f%cn%x1f%ce%x1f%s%n%b%x1e 0c4a58fff094d7d31ba7722dbf1cd4a0fb8a4fff..HEAD
Merged SHA dd34b18e66f434c7152bd4afd45c0883a8a71483 with commit message 'chore: Promote bdd-nh-1592817094 to version 0.0.1' into base branch master

Showing logs for build [32mcb-kubecd-environment-pr-240-13-pgvlh-1[0m stage [32mfrom-build-pack[0m and container [32mstep-build-helm-build[0m
WARNING: No $CHART_REPOSITORY defined so using the default value of: http://jenkins-x-chartmuseum:8080
Adding missing Helm repo: storage.googleapis.com https://storage.googleapis.com/chartmuseum.jenkins-x.io
WARNING: No secrets found on "helm/repos" due: reading the secret "helm/repos" from vault: no secret "helm/repos" not found in vault
Read credentials for https://storage.googleapis.com/chartmuseum.jenkins-x.io from vault helm/repos
Successfully added Helm repository storage.googleapis.com.
Adding missing Helm repo: jenkins-x-chartmuseum http://jenkins-x-chartmuseum:8080
WARNING: No secrets found on "helm/repos" due: reading the secret "helm/repos" from vault: no secret "helm/repos" not found in vault
Read credentials for http://jenkins-x-chartmuseum:8080 from vault helm/repos
Successfully added Helm repository jenkins-x-chartmuseum.
WARNING: No $CHART_REPOSITORY defined so using the default value of: http://jenkins-x-chartmuseum:8080
Adding missing Helm repo: chartmuseum.jenkins-x.io http://chartmuseum.jenkins-x.io
WARNING: No secrets found on "helm/repos" due: reading the secret "helm/repos" from vault: no secret "helm/repos" not found in vault
Read credentials for http://chartmuseum.jenkins-x.io from vault helm/repos
Successfully added Helm repository chartmuseum.jenkins-x.io.
